<?xml version="1.0" encoding="utf-8" standalone="no"?>
<!--This file represents the results of running a test suite-->
<test-results name="C:\Users\Fabricio Monsalve\Documents\GitHub\CigniumChallenge\SearchFight.Test\bin\Debug\SearchFight.Test.dll" total="2" errors="0" failures="0" not-run="0" inconclusive="0" ignored="0" skipped="0" invalid="0" date="2017-02-17" time="14:07:22">
  <environment nunit-version="2.6.4.14350" clr-version="2.0.50727.8669" os-version="Microsoft Windows NT 6.2.9200.0" platform="Win32NT" cwd="C:\Program Files (x86)\NUnit 2.6.4\bin" machine-name="FABRICIO-MACBOO" user="Fabricio Monsalve" user-domain="FABRICIO-MACBOO" />
  <culture-info current-culture="en-US" current-uiculture="en-US" />
  <test-suite type="Assembly" name="C:\Users\Fabricio Monsalve\Documents\GitHub\CigniumChallenge\SearchFight.Test\bin\Debug\SearchFight.Test.dll" executed="True" result="Success" success="True" time="0.126" asserts="0">
    <results>
      <test-suite type="Namespace" name="SearchFight" executed="True" result="Success" success="True" time="0.118" asserts="0">
        <results>
          <test-suite type="Namespace" name="Test" executed="True" result="Success" success="True" time="0.118" asserts="0">
            <results>
              <test-suite type="TestFixture" name="UnitTest1" executed="True" result="Success" success="True" time="0.117" asserts="0">
                <results>
                  <test-case name="SearchFight.Test.UnitTest1.ParseResultTest" executed="True" result="Success" success="True" time="0.101" asserts="1" />
                  <test-case name="SearchFight.Test.UnitTest1.SearchResultTest" executed="True" result="Success" success="True" time="0.003" asserts="1" />
                </results>
              </test-suite>
            </results>
          </test-suite>
        </results>
      </test-suite>
    </results>
  </test-suite>
</test-results>